Using pre-set license
Built from '2020.3/staging' branch; Version is '2020.3.5f1 (8095aa901b9b) revision 8426922'; Using compiler version '192528614'; Build Type 'Release'
OS: 'Windows 10 Pro; OS build 19041.985; Version 2004; 64bit' Language: 'en' Physical Memory: 7541 MB
BatchMode: 1, IsHumanControllingUs: 0, StartBugReporterOnCrash: 0, Is64bit: 1, IsPro: 0

 COMMAND LINE ARGUMENTS:
C:\Program Files\Unity\Hub\Editor\2020.3.5f1\Editor\Unity.exe
-adb2
-batchMode
-noUpm
-name
AssetImportWorker0
-projectPath
C:/COTGS Android Port/Arena Warrior
-logFile
Logs/AssetImportWorker0.log
-srvPort
61752
Successfully changed project path to: C:/COTGS Android Port/Arena Warrior
C:/COTGS Android Port/Arena Warrior
Using Asset Import Pipeline V2.
Refreshing native plugins compatible for Editor in 55.47 ms, found 1 plugins.
Preloading 0 native plugins for Editor in 0.00 ms.
Initialize engine version: 2020.3.5f1 (8095aa901b9b)
[Subsystems] Discovering subsystems at path C:/Program Files/Unity/Hub/Editor/2020.3.5f1/Editor/Data/Resources/UnitySubsystems
[Subsystems] Discovering subsystems at path C:/COTGS Android Port/Arena Warrior/Assets
GfxDevice: creating device client; threaded=0
Direct3D:
    Version:  Direct3D 11.0 [level 11.1]
    Renderer: NVIDIA GeForce GTX 1650 Ti (ID=0x1f95)
    Vendor:   
    VRAM:     3962 MB
    Driver:   27.21.14.6230
Initialize mono
Mono path[0] = 'C:/Program Files/Unity/Hub/Editor/2020.3.5f1/Editor/Data/Managed'
Mono path[1] = 'C:/Program Files/Unity/Hub/Editor/2020.3.5f1/Editor/Data/MonoBleedingEdge/lib/mono/unityjit'
Mono config path = 'C:/Program Files/Unity/Hub/Editor/2020.3.5f1/Editor/Data/MonoBleedingEdge/etc'
Using monoOptions --debugger-agent=transport=dt_socket,embedding=1,server=y,suspend=n,address=127.0.0.1:56872
Begin MonoManager ReloadAssembly
Registering precompiled unity dll's ...
Register platform support module: C:/Program Files/Unity/Hub/Editor/2020.3.5f1/Editor/Data/PlaybackEngines/WindowsStandaloneSupport/UnityEditor.WindowsStandalone.Extensions.dll
Registered in 0.002401 seconds.
Native extension for WindowsStandalone target not found
Refreshing native plugins compatible for Editor in 54.97 ms, found 1 plugins.
Preloading 0 native plugins for Editor in 0.00 ms.
Mono: successfully reloaded assembly
- Completed reload, in  2.309 seconds
Platform modules already initialized, skipping
Registering precompiled user dll's ...
Registered in 0.001222 seconds.
Begin MonoManager ReloadAssembly
Native extension for WindowsStandalone target not found
Refreshing native plugins compatible for Editor in 42.12 ms, found 1 plugins.
Preloading 0 native plugins for Editor in 0.00 ms.
Mono: successfully reloaded assembly
- Completed reload, in  0.932 seconds
Platform modules already initialized, skipping
========================================================================
Worker process is ready to serve import requests
Launched and connected shader compiler UnityShaderCompiler.exe after 0.05 seconds
Refreshing native plugins compatible for Editor in 0.42 ms, found 1 plugins.
Preloading 0 native plugins for Editor in 0.00 ms.
Unloading 1813 Unused Serialized files (Serialized files now loaded: 0)
System memory in use before: 85.0 MB.
System memory in use after: 85.0 MB.

Unloading 24 unused Assets to reduce memory usage. Loaded Objects now: 2256.
Total: 2.631200 ms (FindLiveObjects: 0.329100 ms CreateObjectMapping: 0.115300 ms MarkObjects: 2.053800 ms  DeleteObjects: 0.131500 ms)

========================================================================
Received Import Request.
  path: Assets/alagard.ttf
  artifactKey: Guid(bb63366df1f58f04db7d222ea8093c9c) Importer(815301076,1909f56bfc062723c751e8b465ee728b)
Start importing Assets/alagard.ttf using Guid(bb63366df1f58f04db7d222ea8093c9c) Importer(815301076,1909f56bfc062723c751e8b465ee728b)  -> (artifact id: 'c35d7a08a2430d1d3dfd4fae7a5b2e96') in 0.198205 seconds
  Import took 0.205723 seconds .

========================================================================
Received Prepare
Registering precompiled user dll's ...
Registered in 0.001730 seconds.
Begin MonoManager ReloadAssembly
Native extension for WindowsStandalone target not found
Refreshing native plugins compatible for Editor in 0.47 ms, found 1 plugins.
Preloading 0 native plugins for Editor in 0.00 ms.
Mono: successfully reloaded assembly
- Completed reload, in  1.201 seconds
Platform modules already initialized, skipping
Refreshing native plugins compatible for Editor in 0.48 ms, found 1 plugins.
Preloading 0 native plugins for Editor in 0.00 ms.
Unloading 1808 Unused Serialized files (Serialized files now loaded: 0)
System memory in use before: 88.4 MB.
System memory in use after: 88.3 MB.

Unloading 12 unused Assets to reduce memory usage. Loaded Objects now: 2304.
Total: 3.845100 ms (FindLiveObjects: 0.476800 ms CreateObjectMapping: 0.134200 ms MarkObjects: 3.094200 ms  DeleteObjects: 0.137700 ms)

========================================================================
Received Prepare
Registering precompiled user dll's ...
Registered in 0.001718 seconds.
Begin MonoManager ReloadAssembly
Native extension for WindowsStandalone target not found
Refreshing native plugins compatible for Editor in 0.71 ms, found 1 plugins.
Preloading 0 native plugins for Editor in 0.00 ms.
Mono: successfully reloaded assembly
- Completed reload, in  1.224 seconds
Platform modules already initialized, skipping
Refreshing native plugins compatible for Editor in 0.46 ms, found 1 plugins.
Preloading 0 native plugins for Editor in 0.00 ms.
Unloading 1808 Unused Serialized files (Serialized files now loaded: 0)
System memory in use before: 88.4 MB.
System memory in use after: 88.4 MB.

Unloading 12 unused Assets to reduce memory usage. Loaded Objects now: 2308.
Total: 3.791000 ms (FindLiveObjects: 0.332000 ms CreateObjectMapping: 0.110400 ms MarkObjects: 3.163000 ms  DeleteObjects: 0.183600 ms)

========================================================================
Received Prepare
Registering precompiled user dll's ...
Registered in 0.001606 seconds.
Begin MonoManager ReloadAssembly
Native extension for WindowsStandalone target not found
Refreshing native plugins compatible for Editor in 0.47 ms, found 1 plugins.
Preloading 0 native plugins for Editor in 0.00 ms.
Mono: successfully reloaded assembly
- Completed reload, in  1.196 seconds
Platform modules already initialized, skipping
Refreshing native plugins compatible for Editor in 0.48 ms, found 1 plugins.
Preloading 0 native plugins for Editor in 0.00 ms.
Unloading 1808 Unused Serialized files (Serialized files now loaded: 0)
System memory in use before: 88.4 MB.
System memory in use after: 88.4 MB.

Unloading 12 unused Assets to reduce memory usage. Loaded Objects now: 2312.
Total: 2.843900 ms (FindLiveObjects: 0.334500 ms CreateObjectMapping: 0.111200 ms MarkObjects: 2.248500 ms  DeleteObjects: 0.148000 ms)

========================================================================
Received Import Request.
  Time since last request: 467.705044 seconds.
  path: Assets/SkeletonSpawner.cs
  artifactKey: Guid(f7368f6549ba51a4092489e260c5c24a) Importer(815301076,1909f56bfc062723c751e8b465ee728b)
Start importing Assets/SkeletonSpawner.cs using Guid(f7368f6549ba51a4092489e260c5c24a) Importer(815301076,1909f56bfc062723c751e8b465ee728b)  -> (artifact id: 'c6e18e7d12a425f9f39dab80a8bedb13') in 0.031612 seconds
  Import took 0.037767 seconds .

========================================================================
Received Import Request.
  Time since last request: 0.000977 seconds.
  path: Assets/SkeletonSpawner.cs
  artifactKey: Guid(f7368f6549ba51a4092489e260c5c24a) Importer(815301076,1909f56bfc062723c751e8b465ee728b)
Start importing Assets/SkeletonSpawner.cs using Guid(f7368f6549ba51a4092489e260c5c24a) Importer(815301076,1909f56bfc062723c751e8b465ee728b)  -> (artifact id: 'c6e18e7d12a425f9f39dab80a8bedb13') in 0.004231 seconds
  Import took 0.008983 seconds .

========================================================================
Received Prepare
Registering precompiled user dll's ...
Registered in 0.001038 seconds.
Begin MonoManager ReloadAssembly
Native extension for WindowsStandalone target not found
Refreshing native plugins compatible for Editor in 0.37 ms, found 1 plugins.
Preloading 0 native plugins for Editor in 0.00 ms.
Mono: successfully reloaded assembly
- Completed reload, in  0.764 seconds
Platform modules already initialized, skipping
Refreshing native plugins compatible for Editor in 0.38 ms, found 1 plugins.
Preloading 0 native plugins for Editor in 0.00 ms.
Unloading 1808 Unused Serialized files (Serialized files now loaded: 0)
System memory in use before: 88.5 MB.
System memory in use after: 88.4 MB.

Unloading 12 unused Assets to reduce memory usage. Loaded Objects now: 2316.
Total: 3.302500 ms (FindLiveObjects: 0.447800 ms CreateObjectMapping: 0.104100 ms MarkObjects: 2.631700 ms  DeleteObjects: 0.117300 ms)

========================================================================
Received Import Request.
  Time since last request: 21.838867 seconds.
  path: Assets/Animations
  artifactKey: Guid(c6acb602e6b070e488520166ed6afda8) Importer(815301076,1909f56bfc062723c751e8b465ee728b)
Start importing Assets/Animations using Guid(c6acb602e6b070e488520166ed6afda8) Importer(815301076,1909f56bfc062723c751e8b465ee728b)  -> (artifact id: '4f1f7b6e7d7315cf1d66507dae4e072b') in 0.018350 seconds
  Import took 0.026589 seconds .

========================================================================
Received Import Request.
  Time since last request: 1.373503 seconds.
  path: Assets/Image.controller
  artifactKey: Guid(e758eb56deacc054383de44e72ccddc1) Importer(815301076,1909f56bfc062723c751e8b465ee728b)
Start importing Assets/Image.controller using Guid(e758eb56deacc054383de44e72ccddc1) Importer(815301076,1909f56bfc062723c751e8b465ee728b)  -> (artifact id: 'be544ff9db7d048f51c74d5a7693d654') in 0.032433 seconds
  Import took 0.037873 seconds .

========================================================================
Received Import Request.
  Time since last request: 3.661102 seconds.
  path: Assets/Idle_0.controller
  artifactKey: Guid(78d7b323b17580b418328f649f4c7a07) Importer(815301076,1909f56bfc062723c751e8b465ee728b)
Start importing Assets/Idle_0.controller using Guid(78d7b323b17580b418328f649f4c7a07) Importer(815301076,1909f56bfc062723c751e8b465ee728b)  -> (artifact id: '4d4ba865eb82882b225b0d57b703706b') in 0.018118 seconds
  Import took 0.024294 seconds .

========================================================================
Received Import Request.
  Time since last request: 0.006500 seconds.
  path: Assets/Idle_0.controller
  artifactKey: Guid(78d7b323b17580b418328f649f4c7a07) Importer(815301076,1909f56bfc062723c751e8b465ee728b)
Start importing Assets/Idle_0.controller using Guid(78d7b323b17580b418328f649f4c7a07) Importer(815301076,1909f56bfc062723c751e8b465ee728b)  -> (artifact id: '4d4ba865eb82882b225b0d57b703706b') in 0.007505 seconds
  Import took 0.012911 seconds .

========================================================================
Received Import Request.
  Time since last request: 11.491009 seconds.
  path: Assets/Font
  artifactKey: Guid(492016080f3e1ac4cbfe7606a18c15ea) Importer(815301076,1909f56bfc062723c751e8b465ee728b)
Start importing Assets/Font using Guid(492016080f3e1ac4cbfe7606a18c15ea) Importer(815301076,1909f56bfc062723c751e8b465ee728b)  -> (artifact id: '054a8716daca4b3a7fe26c5b8afc1308') in 0.013965 seconds
  Import took 0.019501 seconds .

========================================================================
Received Import Request.
  Time since last request: 0.011434 seconds.
  path: Assets/Font
  artifactKey: Guid(492016080f3e1ac4cbfe7606a18c15ea) Importer(815301076,1909f56bfc062723c751e8b465ee728b)
Start importing Assets/Font using Guid(492016080f3e1ac4cbfe7606a18c15ea) Importer(815301076,1909f56bfc062723c751e8b465ee728b)  -> (artifact id: '054a8716daca4b3a7fe26c5b8afc1308') in 0.004681 seconds
  Import took 0.009697 seconds .

========================================================================
Received Import Request.
  Time since last request: 8.953987 seconds.
  path: Assets/Sprites
  artifactKey: Guid(cf541f8cfd86e904eb8eb1d5646d7d06) Importer(815301076,1909f56bfc062723c751e8b465ee728b)
Start importing Assets/Sprites using Guid(cf541f8cfd86e904eb8eb1d5646d7d06) Importer(815301076,1909f56bfc062723c751e8b465ee728b)  -> (artifact id: '9fa644d4c89732e83cfadb2f3acc6bd6') in 0.012083 seconds
  Import took 0.017402 seconds .

========================================================================
Received Import Request.
  Time since last request: 62.813048 seconds.
  path: Assets/Scripts/MenuManager.cs
  artifactKey: Guid(f0e23c8d83f610549ac3796ef157beb0) Importer(815301076,1909f56bfc062723c751e8b465ee728b)
Start importing Assets/Scripts/MenuManager.cs using Guid(f0e23c8d83f610549ac3796ef157beb0) Importer(815301076,1909f56bfc062723c751e8b465ee728b)  -> (artifact id: 'c1af97b938e65e1a770c13ea7d22983f') in 0.009608 seconds
  Import took 0.014666 seconds .

========================================================================
Received Prepare
Registering precompiled user dll's ...
Registered in 0.001152 seconds.
Begin MonoManager ReloadAssembly
Native extension for WindowsStandalone target not found
Refreshing native plugins compatible for Editor in 0.46 ms, found 1 plugins.
Preloading 0 native plugins for Editor in 0.00 ms.
Mono: successfully reloaded assembly
- Completed reload, in  1.187 seconds
Platform modules already initialized, skipping
Refreshing native plugins compatible for Editor in 0.47 ms, found 1 plugins.
Preloading 0 native plugins for Editor in 0.00 ms.
Unloading 1809 Unused Serialized files (Serialized files now loaded: 0)
System memory in use before: 88.5 MB.
System memory in use after: 88.5 MB.

Unloading 12 unused Assets to reduce memory usage. Loaded Objects now: 2321.
Total: 2.842000 ms (FindLiveObjects: 0.324500 ms CreateObjectMapping: 0.102700 ms MarkObjects: 2.264600 ms  DeleteObjects: 0.148400 ms)

========================================================================
Received Prepare
Registering precompiled user dll's ...
Registered in 0.001203 seconds.
Begin MonoManager ReloadAssembly
Native extension for WindowsStandalone target not found
Refreshing native plugins compatible for Editor in 0.48 ms, found 1 plugins.
Preloading 0 native plugins for Editor in 0.00 ms.
Mono: successfully reloaded assembly
- Completed reload, in  1.164 seconds
Platform modules already initialized, skipping
Refreshing native plugins compatible for Editor in 0.46 ms, found 1 plugins.
Preloading 0 native plugins for Editor in 0.00 ms.
Unloading 1809 Unused Serialized files (Serialized files now loaded: 0)
System memory in use before: 88.5 MB.
System memory in use after: 88.5 MB.

Unloading 12 unused Assets to reduce memory usage. Loaded Objects now: 2325.
Total: 3.721200 ms (FindLiveObjects: 0.437000 ms CreateObjectMapping: 0.109000 ms MarkObjects: 3.015000 ms  DeleteObjects: 0.158200 ms)

========================================================================
Received Import Request.
  Time since last request: 298.729956 seconds.
  path: Assets/Scripts/MenuManager.cs
  artifactKey: Guid(f0e23c8d83f610549ac3796ef157beb0) Importer(815301076,1909f56bfc062723c751e8b465ee728b)
Start importing Assets/Scripts/MenuManager.cs using Guid(f0e23c8d83f610549ac3796ef157beb0) Importer(815301076,1909f56bfc062723c751e8b465ee728b)  -> (artifact id: '410721db7a26f1a1abcbc5783239483e') in 0.013330 seconds
  Import took 0.018937 seconds .

========================================================================
Received Prepare
Registering precompiled user dll's ...
Registered in 0.001183 seconds.
Begin MonoManager ReloadAssembly
Native extension for WindowsStandalone target not found
Refreshing native plugins compatible for Editor in 0.48 ms, found 1 plugins.
Preloading 0 native plugins for Editor in 0.00 ms.
Mono: successfully reloaded assembly
- Completed reload, in  1.155 seconds
Platform modules already initialized, skipping
Refreshing native plugins compatible for Editor in 0.63 ms, found 1 plugins.
Preloading 0 native plugins for Editor in 0.00 ms.
Unloading 1809 Unused Serialized files (Serialized files now loaded: 0)
System memory in use before: 88.5 MB.
System memory in use after: 88.5 MB.

Unloading 12 unused Assets to reduce memory usage. Loaded Objects now: 2329.
Total: 3.833800 ms (FindLiveObjects: 0.482700 ms CreateObjectMapping: 0.125300 ms MarkObjects: 3.070400 ms  DeleteObjects: 0.153200 ms)

========================================================================
Received Prepare
Registering precompiled user dll's ...
Registered in 0.001647 seconds.
Begin MonoManager ReloadAssembly
Native extension for WindowsStandalone target not found
Refreshing native plugins compatible for Editor in 0.47 ms, found 1 plugins.
Preloading 0 native plugins for Editor in 0.00 ms.
Mono: successfully reloaded assembly
- Completed reload, in  1.186 seconds
Platform modules already initialized, skipping
Refreshing native plugins compatible for Editor in 0.49 ms, found 1 plugins.
Preloading 0 native plugins for Editor in 0.00 ms.
Unloading 1809 Unused Serialized files (Serialized files now loaded: 0)
System memory in use before: 88.5 MB.
System memory in use after: 88.5 MB.

Unloading 12 unused Assets to reduce memory usage. Loaded Objects now: 2333.
Total: 2.744100 ms (FindLiveObjects: 0.284600 ms CreateObjectMapping: 0.064300 ms MarkObjects: 2.239200 ms  DeleteObjects: 0.152400 ms)

========================================================================
Received Prepare
Registering precompiled user dll's ...
Registered in 0.001614 seconds.
Begin MonoManager ReloadAssembly
Native extension for WindowsStandalone target not found
Refreshing native plugins compatible for Editor in 0.49 ms, found 1 plugins.
Preloading 0 native plugins for Editor in 0.00 ms.
Mono: successfully reloaded assembly
- Completed reload, in  1.210 seconds
Platform modules already initialized, skipping
Refreshing native plugins compatible for Editor in 0.49 ms, found 1 plugins.
Preloading 0 native plugins for Editor in 0.00 ms.
Unloading 1809 Unused Serialized files (Serialized files now loaded: 0)
System memory in use before: 88.5 MB.
System memory in use after: 88.5 MB.

Unloading 12 unused Assets to reduce memory usage. Loaded Objects now: 2337.
Total: 3.161700 ms (FindLiveObjects: 0.331800 ms CreateObjectMapping: 0.109500 ms MarkObjects: 2.564100 ms  DeleteObjects: 0.153700 ms)

========================================================================
Received Import Request.
  Time since last request: 499.376687 seconds.
  path: Assets/Scenes/Menu.unity
  artifactKey: Guid(2934178bb3a38f84c958c6564954c908) Importer(815301076,1909f56bfc062723c751e8b465ee728b)
Start importing Assets/Scenes/Menu.unity using Guid(2934178bb3a38f84c958c6564954c908) Importer(815301076,1909f56bfc062723c751e8b465ee728b)  -> (artifact id: '957f23ea03f711ebe70c05417a14dcdc') in 0.031854 seconds
  Import took 0.038830 seconds .

========================================================================
Received Import Request.
  Time since last request: 6.293005 seconds.
  path: Assets/Scenes/Arena.unity
  artifactKey: Guid(9e3b00313dc3d4e41ba22a0cbab4ae31) Importer(815301076,1909f56bfc062723c751e8b465ee728b)
Start importing Assets/Scenes/Arena.unity using Guid(9e3b00313dc3d4e41ba22a0cbab4ae31) Importer(815301076,1909f56bfc062723c751e8b465ee728b)  -> (artifact id: 'b9dac6f4a65670766c959ee36418d4e5') in 0.013872 seconds
  Import took 0.019382 seconds .

========================================================================
Received Import Request.
  Time since last request: 0.010864 seconds.
  path: Assets/Scenes/Arena.unity
  artifactKey: Guid(9e3b00313dc3d4e41ba22a0cbab4ae31) Importer(815301076,1909f56bfc062723c751e8b465ee728b)
Start importing Assets/Scenes/Arena.unity using Guid(9e3b00313dc3d4e41ba22a0cbab4ae31) Importer(815301076,1909f56bfc062723c751e8b465ee728b)  -> (artifact id: 'b9dac6f4a65670766c959ee36418d4e5') in 0.005301 seconds
  Import took 0.010821 seconds .

========================================================================
Received Prepare
Registering precompiled user dll's ...
Registered in 0.001157 seconds.
Begin MonoManager ReloadAssembly
Native extension for WindowsStandalone target not found
Refreshing native plugins compatible for Editor in 0.49 ms, found 1 plugins.
Preloading 0 native plugins for Editor in 0.00 ms.
Mono: successfully reloaded assembly
- Completed reload, in  1.163 seconds
Platform modules already initialized, skipping
Refreshing native plugins compatible for Editor in 0.42 ms, found 1 plugins.
Preloading 0 native plugins for Editor in 0.00 ms.
Unloading 1809 Unused Serialized files (Serialized files now loaded: 0)
System memory in use before: 88.6 MB.
System memory in use after: 88.5 MB.

Unloading 12 unused Assets to reduce memory usage. Loaded Objects now: 2341.
Total: 2.240900 ms (FindLiveObjects: 0.236700 ms CreateObjectMapping: 0.052600 ms MarkObjects: 1.824100 ms  DeleteObjects: 0.126000 ms)

========================================================================
Received Prepare
Registering precompiled user dll's ...
Registered in 0.001591 seconds.
Begin MonoManager ReloadAssembly
Native extension for WindowsStandalone target not found
Refreshing native plugins compatible for Editor in 0.47 ms, found 1 plugins.
Preloading 0 native plugins for Editor in 0.00 ms.
Mono: successfully reloaded assembly
- Completed reload, in  1.225 seconds
Platform modules already initialized, skipping
Refreshing native plugins compatible for Editor in 0.53 ms, found 1 plugins.
Preloading 0 native plugins for Editor in 0.00 ms.
Unloading 1809 Unused Serialized files (Serialized files now loaded: 0)
System memory in use before: 88.6 MB.
System memory in use after: 88.6 MB.

Unloading 12 unused Assets to reduce memory usage. Loaded Objects now: 2345.
Total: 3.918200 ms (FindLiveObjects: 0.351200 ms CreateObjectMapping: 0.114000 ms MarkObjects: 3.299200 ms  DeleteObjects: 0.152000 ms)

========================================================================
Received Prepare
Registering precompiled user dll's ...
Registered in 0.001307 seconds.
Begin MonoManager ReloadAssembly
Native extension for WindowsStandalone target not found
Refreshing native plugins compatible for Editor in 0.46 ms, found 1 plugins.
Preloading 0 native plugins for Editor in 0.00 ms.
Mono: successfully reloaded assembly
- Completed reload, in  1.150 seconds
Platform modules already initialized, skipping
Refreshing native plugins compatible for Editor in 0.52 ms, found 1 plugins.
Preloading 0 native plugins for Editor in 0.00 ms.
Unloading 1809 Unused Serialized files (Serialized files now loaded: 0)
System memory in use before: 88.6 MB.
System memory in use after: 88.6 MB.

Unloading 12 unused Assets to reduce memory usage. Loaded Objects now: 2349.
Total: 3.634300 ms (FindLiveObjects: 0.498200 ms CreateObjectMapping: 0.131300 ms MarkObjects: 2.857000 ms  DeleteObjects: 0.146300 ms)

========================================================================
Received Prepare
Registering precompiled user dll's ...
Registered in 0.001596 seconds.
Begin MonoManager ReloadAssembly
Native extension for WindowsStandalone target not found
Refreshing native plugins compatible for Editor in 0.47 ms, found 1 plugins.
Preloading 0 native plugins for Editor in 0.00 ms.
Mono: successfully reloaded assembly
- Completed reload, in  1.168 seconds
Platform modules already initialized, skipping
Refreshing native plugins compatible for Editor in 0.49 ms, found 1 plugins.
Preloading 0 native plugins for Editor in 0.00 ms.
Unloading 1809 Unused Serialized files (Serialized files now loaded: 0)
System memory in use before: 88.6 MB.
System memory in use after: 88.6 MB.

Unloading 12 unused Assets to reduce memory usage. Loaded Objects now: 2353.
Total: 3.544500 ms (FindLiveObjects: 0.399200 ms CreateObjectMapping: 0.129000 ms MarkObjects: 2.859800 ms  DeleteObjects: 0.154300 ms)

========================================================================
Received Prepare
Registering precompiled user dll's ...
Registered in 0.001157 seconds.
Begin MonoManager ReloadAssembly
Native extension for WindowsStandalone target not found
Refreshing native plugins compatible for Editor in 0.47 ms, found 1 plugins.
Preloading 0 native plugins for Editor in 0.00 ms.
Mono: successfully reloaded assembly
- Completed reload, in  1.149 seconds
Platform modules already initialized, skipping
Refreshing native plugins compatible for Editor in 0.63 ms, found 1 plugins.
Preloading 0 native plugins for Editor in 0.00 ms.
Unloading 1809 Unused Serialized files (Serialized files now loaded: 0)
System memory in use before: 88.6 MB.
System memory in use after: 88.6 MB.

Unloading 12 unused Assets to reduce memory usage. Loaded Objects now: 2357.
Total: 2.972200 ms (FindLiveObjects: 0.371600 ms CreateObjectMapping: 0.113900 ms MarkObjects: 2.337200 ms  DeleteObjects: 0.147800 ms)

========================================================================
Received Prepare
Registering precompiled user dll's ...
Registered in 0.001472 seconds.
Begin MonoManager ReloadAssembly
Native extension for WindowsStandalone target not found
Refreshing native plugins compatible for Editor in 0.47 ms, found 1 plugins.
Preloading 0 native plugins for Editor in 0.00 ms.
Mono: successfully reloaded assembly
- Completed reload, in  1.153 seconds
Platform modules already initialized, skipping
Refreshing native plugins compatible for Editor in 0.46 ms, found 1 plugins.
Preloading 0 native plugins for Editor in 0.00 ms.
Unloading 1809 Unused Serialized files (Serialized files now loaded: 0)
System memory in use before: 88.6 MB.
System memory in use after: 88.6 MB.

Unloading 12 unused Assets to reduce memory usage. Loaded Objects now: 2361.
Total: 3.352100 ms (FindLiveObjects: 0.290900 ms CreateObjectMapping: 0.071300 ms MarkObjects: 2.834900 ms  DeleteObjects: 0.153400 ms)

========================================================================
Received Import Request.
  Time since last request: 2173.790024 seconds.
  path: Assets/Scenes/Menu.unity
  artifactKey: Guid(2934178bb3a38f84c958c6564954c908) Importer(815301076,1909f56bfc062723c751e8b465ee728b)
Start importing Assets/Scenes/Menu.unity using Guid(2934178bb3a38f84c958c6564954c908) Importer(815301076,1909f56bfc062723c751e8b465ee728b)  -> (artifact id: '78afb92cbd03ba3900488d708920d682') in 0.021026 seconds
  Import took 0.029909 seconds .

========================================================================
Received Prepare
Refreshing native plugins compatible for Editor in 1.68 ms, found 1 plugins.
Preloading 0 native plugins for Editor in 0.00 ms.
Unloading 10 Unused Serialized files (Serialized files now loaded: 0)
System memory in use before: 53.1 MB.
System memory in use after: 53.0 MB.

Unloading 10 unused Assets to reduce memory usage. Loaded Objects now: 2361.
Total: 3.526400 ms (FindLiveObjects: 0.453600 ms CreateObjectMapping: 0.119600 ms MarkObjects: 2.819400 ms  DeleteObjects: 0.131500 ms)

========================================================================
Received Import Request.
  Time since last request: 2656.851558 seconds.
  path: Assets/Scenes/Arena.unity
  artifactKey: Guid(9e3b00313dc3d4e41ba22a0cbab4ae31) Importer(815301076,1909f56bfc062723c751e8b465ee728b)
Start importing Assets/Scenes/Arena.unity using Guid(9e3b00313dc3d4e41ba22a0cbab4ae31) Importer(815301076,1909f56bfc062723c751e8b465ee728b)  -> (artifact id: '93b68e6d127c7b41745763bcbad31a7a') in 0.008408 seconds
  Import took 0.012929 seconds .

========================================================================
Received Prepare
Registering precompiled user dll's ...
Registered in 0.000873 seconds.
Begin MonoManager ReloadAssembly
Native extension for WindowsStandalone target not found
Refreshing native plugins compatible for Editor in 0.36 ms, found 1 plugins.
Preloading 0 native plugins for Editor in 0.00 ms.
Mono: successfully reloaded assembly
- Completed reload, in  0.748 seconds
Platform modules already initialized, skipping
Refreshing native plugins compatible for Editor in 0.36 ms, found 1 plugins.
Preloading 0 native plugins for Editor in 0.00 ms.
Unloading 1809 Unused Serialized files (Serialized files now loaded: 0)
System memory in use before: 88.6 MB.
System memory in use after: 88.6 MB.

Unloading 12 unused Assets to reduce memory usage. Loaded Objects now: 2365.
Total: 2.504400 ms (FindLiveObjects: 0.349300 ms CreateObjectMapping: 0.114500 ms MarkObjects: 1.917000 ms  DeleteObjects: 0.122000 ms)

========================================================================
Received Prepare
Registering precompiled user dll's ...
Registered in 0.000856 seconds.
Begin MonoManager ReloadAssembly
Native extension for WindowsStandalone target not found
Refreshing native plugins compatible for Editor in 0.39 ms, found 1 plugins.
Preloading 0 native plugins for Editor in 0.00 ms.
Mono: successfully reloaded assembly
- Completed reload, in  0.742 seconds
Platform modules already initialized, skipping
Refreshing native plugins compatible for Editor in 0.37 ms, found 1 plugins.
Preloading 0 native plugins for Editor in 0.00 ms.
Unloading 1809 Unused Serialized files (Serialized files now loaded: 0)
System memory in use before: 88.6 MB.
System memory in use after: 88.6 MB.

Unloading 12 unused Assets to reduce memory usage. Loaded Objects now: 2369.
Total: 2.996700 ms (FindLiveObjects: 0.416500 ms CreateObjectMapping: 0.124500 ms MarkObjects: 2.317000 ms  DeleteObjects: 0.136500 ms)

========================================================================
Received Prepare
Registering precompiled user dll's ...
Registered in 0.000835 seconds.
Begin MonoManager ReloadAssembly
Native extension for WindowsStandalone target not found
Refreshing native plugins compatible for Editor in 0.55 ms, found 1 plugins.
Preloading 0 native plugins for Editor in 0.00 ms.
Mono: successfully reloaded assembly
- Completed reload, in  0.733 seconds
Platform modules already initialized, skipping
Refreshing native plugins compatible for Editor in 0.36 ms, found 1 plugins.
Preloading 0 native plugins for Editor in 0.00 ms.
Unloading 1809 Unused Serialized files (Serialized files now loaded: 0)
System memory in use before: 88.6 MB.
System memory in use after: 88.6 MB.

Unloading 12 unused Assets to reduce memory usage. Loaded Objects now: 2373.
Total: 2.321300 ms (FindLiveObjects: 0.366900 ms CreateObjectMapping: 0.095700 ms MarkObjects: 1.745000 ms  DeleteObjects: 0.111500 ms)

========================================================================
Received Prepare
Registering precompiled user dll's ...
Registered in 0.000852 seconds.
Begin MonoManager ReloadAssembly
Native extension for WindowsStandalone target not found
Refreshing native plugins compatible for Editor in 0.38 ms, found 1 plugins.
Preloading 0 native plugins for Editor in 0.00 ms.
Mono: successfully reloaded assembly
- Completed reload, in  0.742 seconds
Platform modules already initialized, skipping
Refreshing native plugins compatible for Editor in 0.39 ms, found 1 plugins.
Preloading 0 native plugins for Editor in 0.00 ms.
Unloading 1809 Unused Serialized files (Serialized files now loaded: 0)
System memory in use before: 88.7 MB.
System memory in use after: 88.6 MB.

Unloading 12 unused Assets to reduce memory usage. Loaded Objects now: 2377.
Total: 2.312300 ms (FindLiveObjects: 0.277800 ms CreateObjectMapping: 0.047500 ms MarkObjects: 1.870000 ms  DeleteObjects: 0.115800 ms)

========================================================================
Received Prepare
Registering precompiled user dll's ...
Registered in 0.000992 seconds.
Begin MonoManager ReloadAssembly
Native extension for WindowsStandalone target not found
Refreshing native plugins compatible for Editor in 0.37 ms, found 1 plugins.
Preloading 0 native plugins for Editor in 0.00 ms.
Mono: successfully reloaded assembly
- Completed reload, in  0.812 seconds
Platform modules already initialized, skipping
Refreshing native plugins compatible for Editor in 0.37 ms, found 1 plugins.
Preloading 0 native plugins for Editor in 0.00 ms.
Unloading 1809 Unused Serialized files (Serialized files now loaded: 0)
System memory in use before: 88.7 MB.
System memory in use after: 88.6 MB.

Unloading 12 unused Assets to reduce memory usage. Loaded Objects now: 2381.
Total: 2.424900 ms (FindLiveObjects: 0.350900 ms CreateObjectMapping: 0.115700 ms MarkObjects: 1.837300 ms  DeleteObjects: 0.120200 ms)

========================================================================
Received Import Request.
  Time since last request: 424.679274 seconds.
  path: Assets/Scripts/SkeletonSpawner.cs
  artifactKey: Guid(f7368f6549ba51a4092489e260c5c24a) Importer(815301076,1909f56bfc062723c751e8b465ee728b)
Start importing Assets/Scripts/SkeletonSpawner.cs using Guid(f7368f6549ba51a4092489e260c5c24a) Importer(815301076,1909f56bfc062723c751e8b465ee728b)  -> (artifact id: 'e6198a44d407e9cdcf0f7c53299b5a9f') in 0.004993 seconds
  Import took 0.008902 seconds .

========================================================================
Received Prepare
Registering precompiled user dll's ...
Registered in 0.000863 seconds.
Begin MonoManager ReloadAssembly
Native extension for WindowsStandalone target not found
Refreshing native plugins compatible for Editor in 0.37 ms, found 1 plugins.
Preloading 0 native plugins for Editor in 0.00 ms.
Mono: successfully reloaded assembly
- Completed reload, in  0.736 seconds
Platform modules already initialized, skipping
Refreshing native plugins compatible for Editor in 0.37 ms, found 1 plugins.
Preloading 0 native plugins for Editor in 0.00 ms.
Unloading 1809 Unused Serialized files (Serialized files now loaded: 0)
System memory in use before: 88.7 MB.
System memory in use after: 88.7 MB.

Unloading 12 unused Assets to reduce memory usage. Loaded Objects now: 2385.
Total: 2.736700 ms (FindLiveObjects: 0.348700 ms CreateObjectMapping: 0.116900 ms MarkObjects: 2.155100 ms  DeleteObjects: 0.114500 ms)

========================================================================
Received Prepare
Registering precompiled user dll's ...
Registered in 0.000877 seconds.
Begin MonoManager ReloadAssembly
Native extension for WindowsStandalone target not found
Refreshing native plugins compatible for Editor in 0.36 ms, found 1 plugins.
Preloading 0 native plugins for Editor in 0.00 ms.
Mono: successfully reloaded assembly
- Completed reload, in  0.745 seconds
Platform modules already initialized, skipping
Refreshing native plugins compatible for Editor in 0.36 ms, found 1 plugins.
Preloading 0 native plugins for Editor in 0.00 ms.
Unloading 1809 Unused Serialized files (Serialized files now loaded: 0)
System memory in use before: 88.7 MB.
System memory in use after: 88.7 MB.

Unloading 12 unused Assets to reduce memory usage. Loaded Objects now: 2389.
Total: 2.398100 ms (FindLiveObjects: 0.310000 ms CreateObjectMapping: 0.086400 ms MarkObjects: 1.878900 ms  DeleteObjects: 0.120500 ms)

========================================================================
Received Prepare
Registering precompiled user dll's ...
Registered in 0.001079 seconds.
Begin MonoManager ReloadAssembly
Native extension for WindowsStandalone target not found
Refreshing native plugins compatible for Editor in 0.37 ms, found 1 plugins.
Preloading 0 native plugins for Editor in 0.00 ms.
Mono: successfully reloaded assembly
- Completed reload, in  0.747 seconds
Platform modules already initialized, skipping
Refreshing native plugins compatible for Editor in 0.37 ms, found 1 plugins.
Preloading 0 native plugins for Editor in 0.00 ms.
Unloading 1809 Unused Serialized files (Serialized files now loaded: 0)
System memory in use before: 88.7 MB.
System memory in use after: 88.7 MB.

Unloading 12 unused Assets to reduce memory usage. Loaded Objects now: 2393.
Total: 3.193400 ms (FindLiveObjects: 0.763900 ms CreateObjectMapping: 0.163500 ms MarkObjects: 2.144600 ms  DeleteObjects: 0.119500 ms)

========================================================================
Received Prepare
Registering precompiled user dll's ...
Registered in 0.000864 seconds.
Begin MonoManager ReloadAssembly
Native extension for WindowsStandalone target not found
Refreshing native plugins compatible for Editor in 0.38 ms, found 1 plugins.
Preloading 0 native plugins for Editor in 0.00 ms.
Mono: successfully reloaded assembly
- Completed reload, in  0.751 seconds
Platform modules already initialized, skipping
Refreshing native plugins compatible for Editor in 0.37 ms, found 1 plugins.
Preloading 0 native plugins for Editor in 0.00 ms.
Unloading 1809 Unused Serialized files (Serialized files now loaded: 0)
System memory in use before: 88.7 MB.
System memory in use after: 88.7 MB.

Unloading 12 unused Assets to reduce memory usage. Loaded Objects now: 2397.
Total: 2.597100 ms (FindLiveObjects: 0.395200 ms CreateObjectMapping: 0.117600 ms MarkObjects: 1.959800 ms  DeleteObjects: 0.122200 ms)

========================================================================
Received Prepare
Registering precompiled user dll's ...
Registered in 0.000900 seconds.
Begin MonoManager ReloadAssembly
Native extension for WindowsStandalone target not found
Refreshing native plugins compatible for Editor in 0.38 ms, found 1 plugins.
Preloading 0 native plugins for Editor in 0.00 ms.
Mono: successfully reloaded assembly
- Completed reload, in  0.734 seconds
Platform modules already initialized, skipping
Refreshing native plugins compatible for Editor in 0.36 ms, found 1 plugins.
Preloading 0 native plugins for Editor in 0.00 ms.
Unloading 1809 Unused Serialized files (Serialized files now loaded: 0)
System memory in use before: 88.7 MB.
System memory in use after: 88.7 MB.

Unloading 12 unused Assets to reduce memory usage. Loaded Objects now: 2401.
Total: 2.593500 ms (FindLiveObjects: 0.568600 ms CreateObjectMapping: 0.160800 ms MarkObjects: 1.745700 ms  DeleteObjects: 0.116800 ms)

========================================================================
Received Prepare
Registering precompiled user dll's ...
Registered in 0.000982 seconds.
Begin MonoManager ReloadAssembly
Native extension for WindowsStandalone target not found
Refreshing native plugins compatible for Editor in 0.39 ms, found 1 plugins.
Preloading 0 native plugins for Editor in 0.00 ms.
Mono: successfully reloaded assembly
- Completed reload, in  0.727 seconds
Platform modules already initialized, skipping
Refreshing native plugins compatible for Editor in 0.38 ms, found 1 plugins.
Preloading 0 native plugins for Editor in 0.00 ms.
Unloading 1809 Unused Serialized files (Serialized files now loaded: 0)
System memory in use before: 88.7 MB.
System memory in use after: 88.7 MB.

Unloading 12 unused Assets to reduce memory usage. Loaded Objects now: 2405.
Total: 2.382300 ms (FindLiveObjects: 0.352200 ms CreateObjectMapping: 0.083000 ms MarkObjects: 1.825900 ms  DeleteObjects: 0.119400 ms)

========================================================================
Received Prepare
Registering precompiled user dll's ...
Registered in 0.000883 seconds.
Begin MonoManager ReloadAssembly
Native extension for WindowsStandalone target not found
Refreshing native plugins compatible for Editor in 0.37 ms, found 1 plugins.
Preloading 0 native plugins for Editor in 0.00 ms.
Mono: successfully reloaded assembly
- Completed reload, in  0.733 seconds
Platform modules already initialized, skipping
Refreshing native plugins compatible for Editor in 0.38 ms, found 1 plugins.
Preloading 0 native plugins for Editor in 0.00 ms.
Unloading 1809 Unused Serialized files (Serialized files now loaded: 0)
System memory in use before: 88.7 MB.
System memory in use after: 88.7 MB.

Unloading 12 unused Assets to reduce memory usage. Loaded Objects now: 2409.
Total: 2.562100 ms (FindLiveObjects: 0.313800 ms CreateObjectMapping: 0.083600 ms MarkObjects: 2.045500 ms  DeleteObjects: 0.117700 ms)

========================================================================
Received Prepare
Registering precompiled user dll's ...
Registered in 0.000939 seconds.
Begin MonoManager ReloadAssembly
Native extension for WindowsStandalone target not found
Refreshing native plugins compatible for Editor in 0.40 ms, found 1 plugins.
Preloading 0 native plugins for Editor in 0.00 ms.
Mono: successfully reloaded assembly
- Completed reload, in  0.743 seconds
Platform modules already initialized, skipping
Refreshing native plugins compatible for Editor in 0.41 ms, found 1 plugins.
Preloading 0 native plugins for Editor in 0.00 ms.
Unloading 1809 Unused Serialized files (Serialized files now loaded: 0)
System memory in use before: 88.7 MB.
System memory in use after: 88.7 MB.

Unloading 12 unused Assets to reduce memory usage. Loaded Objects now: 2413.
Total: 2.886900 ms (FindLiveObjects: 0.390800 ms CreateObjectMapping: 0.086200 ms MarkObjects: 2.287400 ms  DeleteObjects: 0.120600 ms)

========================================================================
Received Prepare
Registering precompiled user dll's ...
Registered in 0.000904 seconds.
Begin MonoManager ReloadAssembly
Native extension for WindowsStandalone target not found
Refreshing native plugins compatible for Editor in 0.39 ms, found 1 plugins.
Preloading 0 native plugins for Editor in 0.00 ms.
Mono: successfully reloaded assembly
- Completed reload, in  0.739 seconds
Platform modules already initialized, skipping
Refreshing native plugins compatible for Editor in 0.40 ms, found 1 plugins.
Preloading 0 native plugins for Editor in 0.00 ms.
Unloading 1809 Unused Serialized files (Serialized files now loaded: 0)
System memory in use before: 88.8 MB.
System memory in use after: 88.7 MB.

Unloading 12 unused Assets to reduce memory usage. Loaded Objects now: 2417.
Total: 2.429500 ms (FindLiveObjects: 0.365600 ms CreateObjectMapping: 0.113000 ms MarkObjects: 1.835400 ms  DeleteObjects: 0.114000 ms)

========================================================================
Received Prepare
Registering precompiled user dll's ...
Registered in 0.000863 seconds.
Begin MonoManager ReloadAssembly
Native extension for WindowsStandalone target not found
Refreshing native plugins compatible for Editor in 0.37 ms, found 1 plugins.
Preloading 0 native plugins for Editor in 0.00 ms.
Mono: successfully reloaded assembly
- Completed reload, in  0.724 seconds
Platform modules already initialized, skipping
Refreshing native plugins compatible for Editor in 0.37 ms, found 1 plugins.
Preloading 0 native plugins for Editor in 0.00 ms.
Unloading 1809 Unused Serialized files (Serialized files now loaded: 0)
System memory in use before: 88.8 MB.
System memory in use after: 88.7 MB.

Unloading 12 unused Assets to reduce memory usage. Loaded Objects now: 2421.
Total: 2.701200 ms (FindLiveObjects: 0.309000 ms CreateObjectMapping: 0.091300 ms MarkObjects: 2.183800 ms  DeleteObjects: 0.115000 ms)

========================================================================
Received Prepare
Registering precompiled user dll's ...
Registered in 0.000848 seconds.
Begin MonoManager ReloadAssembly
Native extension for WindowsStandalone target not found
Refreshing native plugins compatible for Editor in 0.45 ms, found 1 plugins.
Preloading 0 native plugins for Editor in 0.00 ms.
Mono: successfully reloaded assembly
- Completed reload, in  0.757 seconds
Platform modules already initialized, skipping
Refreshing native plugins compatible for Editor in 0.36 ms, found 1 plugins.
Preloading 0 native plugins for Editor in 0.00 ms.
Unloading 1809 Unused Serialized files (Serialized files now loaded: 0)
System memory in use before: 88.8 MB.
System memory in use after: 88.7 MB.

Unloading 12 unused Assets to reduce memory usage. Loaded Objects now: 2425.
Total: 2.441300 ms (FindLiveObjects: 0.531900 ms CreateObjectMapping: 0.079000 ms MarkObjects: 1.707100 ms  DeleteObjects: 0.122100 ms)

========================================================================
Received Prepare
Registering precompiled user dll's ...
Registered in 0.000851 seconds.
Begin MonoManager ReloadAssembly
Native extension for WindowsStandalone target not found
Refreshing native plugins compatible for Editor in 0.37 ms, found 1 plugins.
Preloading 0 native plugins for Editor in 0.00 ms.
Mono: successfully reloaded assembly
- Completed reload, in  0.748 seconds
Platform modules already initialized, skipping
Refreshing native plugins compatible for Editor in 0.37 ms, found 1 plugins.
Preloading 0 native plugins for Editor in 0.00 ms.
Unloading 1809 Unused Serialized files (Serialized files now loaded: 0)
System memory in use before: 88.8 MB.
System memory in use after: 88.8 MB.

Unloading 12 unused Assets to reduce memory usage. Loaded Objects now: 2429.
Total: 2.492800 ms (FindLiveObjects: 0.369700 ms CreateObjectMapping: 0.113000 ms MarkObjects: 1.888300 ms  DeleteObjects: 0.120300 ms)

========================================================================
Received Prepare
Registering precompiled user dll's ...
Registered in 0.000836 seconds.
Begin MonoManager ReloadAssembly
Native extension for WindowsStandalone target not found
Refreshing native plugins compatible for Editor in 0.36 ms, found 1 plugins.
Preloading 0 native plugins for Editor in 0.00 ms.
Mono: successfully reloaded assembly
- Completed reload, in  0.720 seconds
Platform modules already initialized, skipping
Refreshing native plugins compatible for Editor in 0.37 ms, found 1 plugins.
Preloading 0 native plugins for Editor in 0.00 ms.
Unloading 1809 Unused Serialized files (Serialized files now loaded: 0)
System memory in use before: 88.8 MB.
System memory in use after: 88.8 MB.

Unloading 12 unused Assets to reduce memory usage. Loaded Objects now: 2433.
Total: 3.217600 ms (FindLiveObjects: 0.705700 ms CreateObjectMapping: 0.179200 ms MarkObjects: 2.214200 ms  DeleteObjects: 0.116900 ms)

========================================================================
Received Import Request.
  Time since last request: 1497.644931 seconds.
  path: Assets/mUSİCS
  artifactKey: Guid(d25a787c52879ef4b86fad4aff7c068b) Importer(815301076,1909f56bfc062723c751e8b465ee728b)
Start importing Assets/mUSİCS using Guid(d25a787c52879ef4b86fad4aff7c068b) Importer(815301076,1909f56bfc062723c751e8b465ee728b)  -> (artifact id: 'c8c3d78f375cc519cb6b4733cacfdb7c') in 0.010491 seconds
  Import took 0.014135 seconds .

========================================================================
Received Import Request.
  Time since last request: 5.462850 seconds.
  path: Assets/Musics
  artifactKey: Guid(d25a787c52879ef4b86fad4aff7c068b) Importer(815301076,1909f56bfc062723c751e8b465ee728b)
Start importing Assets/Musics using Guid(d25a787c52879ef4b86fad4aff7c068b) Importer(815301076,1909f56bfc062723c751e8b465ee728b)  -> (artifact id: '3899329779f20e3661ccbf1f26f84aa1') in 0.008875 seconds
  Import took 0.012198 seconds .

========================================================================
Received Import Request.
  Time since last request: 11.648671 seconds.
  path: Assets/Musics/castlevania-dracula-x-chronicles-music-bloody-tears.mp3
  artifactKey: Guid(67e0104d0db66b549bdeb2c7034aaca3) Importer(815301076,1909f56bfc062723c751e8b465ee728b)
Start importing Assets/Musics/castlevania-dracula-x-chronicles-music-bloody-tears.mp3 using Guid(67e0104d0db66b549bdeb2c7034aaca3) Importer(815301076,1909f56bfc062723c751e8b465ee728b)  -> (artifact id: '9b1d98f3929f84472831a1eb161d8fb0') in 0.075276 seconds
  Import took 0.078935 seconds .

========================================================================
Received Import Request.
  Time since last request: 0.000253 seconds.
  path: Assets/Musics/castlevania-dxc-ost-track-14-tues-deus-meus-in-manibus-tuis.mp3
  artifactKey: Guid(37407356f1bfb9747a0f60151fc0582d) Importer(815301076,1909f56bfc062723c751e8b465ee728b)
Start importing Assets/Musics/castlevania-dxc-ost-track-14-tues-deus-meus-in-manibus-tuis.mp3 using Guid(37407356f1bfb9747a0f60151fc0582d) Importer(815301076,1909f56bfc062723c751e8b465ee728b)  -> (artifact id: '97e5faec451c142edfc8bb85af6d2b15') in 0.020128 seconds
  Import took 0.023475 seconds .

========================================================================
Received Import Request.
  Time since last request: 96.693024 seconds.
  path: Assets/Scripts/GameManager.cs
  artifactKey: Guid(2fe2e1c2a566b104683182779a1ab24f) Importer(815301076,1909f56bfc062723c751e8b465ee728b)
Start importing Assets/Scripts/GameManager.cs using Guid(2fe2e1c2a566b104683182779a1ab24f) Importer(815301076,1909f56bfc062723c751e8b465ee728b)  -> (artifact id: '32c2f59e33aaf1fb27dd9b96a58ee707') in 0.007537 seconds
  Import took 0.011846 seconds .

========================================================================
Received Prepare
Registering precompiled user dll's ...
Registered in 0.000906 seconds.
Begin MonoManager ReloadAssembly
Native extension for WindowsStandalone target not found
Refreshing native plugins compatible for Editor in 0.40 ms, found 1 plugins.
Preloading 0 native plugins for Editor in 0.00 ms.
Mono: successfully reloaded assembly
- Completed reload, in  0.789 seconds
Platform modules already initialized, skipping
Refreshing native plugins compatible for Editor in 0.38 ms, found 1 plugins.
Preloading 0 native plugins for Editor in 0.00 ms.
Unloading 1810 Unused Serialized files (Serialized files now loaded: 0)
System memory in use before: 88.9 MB.
System memory in use after: 88.8 MB.

Unloading 12 unused Assets to reduce memory usage. Loaded Objects now: 2441.
Total: 3.386400 ms (FindLiveObjects: 0.276800 ms CreateObjectMapping: 0.051000 ms MarkObjects: 2.902700 ms  DeleteObjects: 0.154400 ms)

========================================================================
Received Prepare
Registering precompiled user dll's ...
Registered in 0.000866 seconds.
Begin MonoManager ReloadAssembly
Native extension for WindowsStandalone target not found
Refreshing native plugins compatible for Editor in 0.39 ms, found 1 plugins.
Preloading 0 native plugins for Editor in 0.00 ms.
Mono: successfully reloaded assembly
- Completed reload, in  0.791 seconds
Platform modules already initialized, skipping
Refreshing native plugins compatible for Editor in 0.39 ms, found 1 plugins.
Preloading 0 native plugins for Editor in 0.00 ms.
Unloading 1809 Unused Serialized files (Serialized files now loaded: 0)
System memory in use before: 88.8 MB.
System memory in use after: 88.8 MB.

Unloading 13 unused Assets to reduce memory usage. Loaded Objects now: 2444.
Total: 2.728700 ms (FindLiveObjects: 0.357600 ms CreateObjectMapping: 0.110800 ms MarkObjects: 2.136700 ms  DeleteObjects: 0.121800 ms)

========================================================================
Received Import Request.
  Time since last request: 162.023768 seconds.
  path: Assets/Scripts/Music Manager.cs
  artifactKey: Guid(963ef63c8f2dc7f48b38d54b8b542235) Importer(815301076,1909f56bfc062723c751e8b465ee728b)
Start importing Assets/Scripts/Music Manager.cs using Guid(963ef63c8f2dc7f48b38d54b8b542235) Importer(815301076,1909f56bfc062723c751e8b465ee728b)  -> (artifact id: '3b1e7a4b88045ba0b26e050a284a1e0d') in 0.010832 seconds
  Import took 0.014590 seconds .

========================================================================
Received Prepare
Registering precompiled user dll's ...
Registered in 0.000935 seconds.
Begin MonoManager ReloadAssembly
Native extension for WindowsStandalone target not found
Refreshing native plugins compatible for Editor in 0.36 ms, found 1 plugins.
Preloading 0 native plugins for Editor in 0.00 ms.
Mono: successfully reloaded assembly
- Completed reload, in  0.755 seconds
Platform modules already initialized, skipping
Refreshing native plugins compatible for Editor in 0.36 ms, found 1 plugins.
Preloading 0 native plugins for Editor in 0.00 ms.
Unloading 1810 Unused Serialized files (Serialized files now loaded: 0)
System memory in use before: 88.9 MB.
System memory in use after: 88.9 MB.

Unloading 12 unused Assets to reduce memory usage. Loaded Objects now: 2449.
Total: 2.544100 ms (FindLiveObjects: 0.265000 ms CreateObjectMapping: 0.043400 ms MarkObjects: 2.114700 ms  DeleteObjects: 0.119700 ms)

========================================================================
Received Prepare
Registering precompiled user dll's ...
Registered in 0.001014 seconds.
Begin MonoManager ReloadAssembly
Native extension for WindowsStandalone target not found
Refreshing native plugins compatible for Editor in 0.38 ms, found 1 plugins.
Preloading 0 native plugins for Editor in 0.00 ms.
Mono: successfully reloaded assembly
- Completed reload, in  0.762 seconds
Platform modules already initialized, skipping
Refreshing native plugins compatible for Editor in 0.35 ms, found 1 plugins.
Preloading 0 native plugins for Editor in 0.00 ms.
Unloading 1810 Unused Serialized files (Serialized files now loaded: 0)
System memory in use before: 88.9 MB.
System memory in use after: 88.9 MB.

Unloading 12 unused Assets to reduce memory usage. Loaded Objects now: 2453.
Total: 3.114200 ms (FindLiveObjects: 0.538800 ms CreateObjectMapping: 0.124300 ms MarkObjects: 2.304700 ms  DeleteObjects: 0.144200 ms)

========================================================================
Received Import Request.
  Time since last request: 74.283012 seconds.
  path: Assets/Scripts/Music Manager.cs
  artifactKey: Guid(963ef63c8f2dc7f48b38d54b8b542235) Importer(815301076,1909f56bfc062723c751e8b465ee728b)
Start importing Assets/Scripts/Music Manager.cs using Guid(963ef63c8f2dc7f48b38d54b8b542235) Importer(815301076,1909f56bfc062723c751e8b465ee728b)  -> (artifact id: '8353495a6903c54c36cfd0fccdc9c72b') in 0.005672 seconds
  Import took 0.009914 seconds .

========================================================================
Received Import Request.
  Time since last request: 24.400346 seconds.
  path: Assets/Scripts/MusicManager.cs
  artifactKey: Guid(963ef63c8f2dc7f48b38d54b8b542235) Importer(815301076,1909f56bfc062723c751e8b465ee728b)
Start importing Assets/Scripts/MusicManager.cs using Guid(963ef63c8f2dc7f48b38d54b8b542235) Importer(815301076,1909f56bfc062723c751e8b465ee728b)  -> (artifact id: 'aa2efbd49a18d700f3366e57ecd268df') in 0.008825 seconds
  Import took 0.012679 seconds .

========================================================================
Received Prepare
Registering precompiled user dll's ...
Registered in 0.000820 seconds.
Begin MonoManager ReloadAssembly
Native extension for WindowsStandalone target not found
Refreshing native plugins compatible for Editor in 0.39 ms, found 1 plugins.
Preloading 0 native plugins for Editor in 0.00 ms.
Mono: successfully reloaded assembly
- Completed reload, in  0.756 seconds
Platform modules already initialized, skipping
Refreshing native plugins compatible for Editor in 0.36 ms, found 1 plugins.
Preloading 0 native plugins for Editor in 0.00 ms.
Unloading 1810 Unused Serialized files (Serialized files now loaded: 0)
System memory in use before: 88.9 MB.
System memory in use after: 88.9 MB.

Unloading 12 unused Assets to reduce memory usage. Loaded Objects now: 2457.
Total: 2.103900 ms (FindLiveObjects: 0.244300 ms CreateObjectMapping: 0.042200 ms MarkObjects: 1.701700 ms  DeleteObjects: 0.114400 ms)

========================================================================
Received Prepare
Registering precompiled user dll's ...
Registered in 0.000866 seconds.
Begin MonoManager ReloadAssembly
Native extension for WindowsStandalone target not found
Refreshing native plugins compatible for Editor in 0.37 ms, found 1 plugins.
Preloading 0 native plugins for Editor in 0.00 ms.
Mono: successfully reloaded assembly
- Completed reload, in  0.754 seconds
Platform modules already initialized, skipping
Refreshing native plugins compatible for Editor in 0.36 ms, found 1 plugins.
Preloading 0 native plugins for Editor in 0.00 ms.
Unloading 1810 Unused Serialized files (Serialized files now loaded: 0)
System memory in use before: 88.9 MB.
System memory in use after: 88.9 MB.

Unloading 12 unused Assets to reduce memory usage. Loaded Objects now: 2461.
Total: 2.806100 ms (FindLiveObjects: 0.350100 ms CreateObjectMapping: 0.113000 ms MarkObjects: 2.221400 ms  DeleteObjects: 0.120200 ms)

========================================================================
Received Import Request.
  Time since last request: 431.726808 seconds.
  path: Assets/Scripts/GameManager.cs
  artifactKey: Guid(963ef63c8f2dc7f48b38d54b8b542235) Importer(815301076,1909f56bfc062723c751e8b465ee728b)
Start importing Assets/Scripts/GameManager.cs using Guid(963ef63c8f2dc7f48b38d54b8b542235) Importer(815301076,1909f56bfc062723c751e8b465ee728b)  -> (artifact id: 'bba1297e6bb87a231767c6b44a8ac83a') in 0.005399 seconds
  Import took 0.008613 seconds .

========================================================================
Received Prepare
Registering precompiled user dll's ...
Registered in 0.001149 seconds.
Begin MonoManager ReloadAssembly
Native extension for WindowsStandalone target not found
Refreshing native plugins compatible for Editor in 0.45 ms, found 1 plugins.
Preloading 0 native plugins for Editor in 0.00 ms.
Mono: successfully reloaded assembly
- Completed reload, in  0.848 seconds
Platform modules already initialized, skipping
Refreshing native plugins compatible for Editor in 0.42 ms, found 1 plugins.
Preloading 0 native plugins for Editor in 0.00 ms.
Unloading 1810 Unused Serialized files (Serialized files now loaded: 0)
System memory in use before: 88.9 MB.
System memory in use after: 88.9 MB.

Unloading 12 unused Assets to reduce memory usage. Loaded Objects now: 2465.
Total: 2.622600 ms (FindLiveObjects: 0.262800 ms CreateObjectMapping: 0.048000 ms MarkObjects: 2.196700 ms  DeleteObjects: 0.113900 ms)

========================================================================
Received Prepare
Registering precompiled user dll's ...
Registered in 0.001819 seconds.
Begin MonoManager ReloadAssembly
Native extension for WindowsStandalone target not found
Refreshing native plugins compatible for Editor in 0.41 ms, found 1 plugins.
Preloading 0 native plugins for Editor in 0.00 ms.
Mono: successfully reloaded assembly
- Completed reload, in  0.751 seconds
Platform modules already initialized, skipping
Refreshing native plugins compatible for Editor in 0.37 ms, found 1 plugins.
Preloading 0 native plugins for Editor in 0.00 ms.
Unloading 1810 Unused Serialized files (Serialized files now loaded: 0)
System memory in use before: 88.9 MB.
System memory in use after: 88.9 MB.

Unloading 12 unused Assets to reduce memory usage. Loaded Objects now: 2469.
Total: 2.919000 ms (FindLiveObjects: 0.393400 ms CreateObjectMapping: 0.094800 ms MarkObjects: 2.305400 ms  DeleteObjects: 0.124300 ms)

========================================================================
Received Import Request.
  Time since last request: 92.983586 seconds.
  path: Assets/Scripts/GameManager.cs
  artifactKey: Guid(963ef63c8f2dc7f48b38d54b8b542235) Importer(815301076,1909f56bfc062723c751e8b465ee728b)
Start importing Assets/Scripts/GameManager.cs using Guid(963ef63c8f2dc7f48b38d54b8b542235) Importer(815301076,1909f56bfc062723c751e8b465ee728b)  -> (artifact id: 'bbd7032ed290b854dcf89b26e2287f7a') in 0.008783 seconds
  Import took 0.012639 seconds .

========================================================================
Received Prepare
Registering precompiled user dll's ...
Registered in 0.000972 seconds.
Begin MonoManager ReloadAssembly
Native extension for WindowsStandalone target not found
Refreshing native plugins compatible for Editor in 0.38 ms, found 1 plugins.
Preloading 0 native plugins for Editor in 0.00 ms.
Mono: successfully reloaded assembly
- Completed reload, in  0.760 seconds
Platform modules already initialized, skipping
Refreshing native plugins compatible for Editor in 0.37 ms, found 1 plugins.
Preloading 0 native plugins for Editor in 0.00 ms.
Unloading 1810 Unused Serialized files (Serialized files now loaded: 0)
System memory in use before: 88.9 MB.
System memory in use after: 88.9 MB.

Unloading 12 unused Assets to reduce memory usage. Loaded Objects now: 2473.
Total: 2.241400 ms (FindLiveObjects: 0.300400 ms CreateObjectMapping: 0.084200 ms MarkObjects: 1.724500 ms  DeleteObjects: 0.130100 ms)

========================================================================
Received Prepare
Registering precompiled user dll's ...
Registered in 0.000861 seconds.
Begin MonoManager ReloadAssembly
Native extension for WindowsStandalone target not found
Refreshing native plugins compatible for Editor in 0.39 ms, found 1 plugins.
Preloading 0 native plugins for Editor in 0.00 ms.
Mono: successfully reloaded assembly
- Completed reload, in  0.748 seconds
Platform modules already initialized, skipping
Refreshing native plugins compatible for Editor in 0.37 ms, found 1 plugins.
Preloading 0 native plugins for Editor in 0.00 ms.
Unloading 1810 Unused Serialized files (Serialized files now loaded: 0)
System memory in use before: 88.9 MB.
System memory in use after: 88.9 MB.

Unloading 12 unused Assets to reduce memory usage. Loaded Objects now: 2477.
Total: 3.088400 ms (FindLiveObjects: 0.368300 ms CreateObjectMapping: 0.117300 ms MarkObjects: 2.484200 ms  DeleteObjects: 0.116900 ms)

========================================================================
Received Prepare
Registering precompiled user dll's ...
Registered in 0.000911 seconds.
Begin MonoManager ReloadAssembly
Native extension for WindowsStandalone target not found
Refreshing native plugins compatible for Editor in 0.37 ms, found 1 plugins.
Preloading 0 native plugins for Editor in 0.00 ms.
Mono: successfully reloaded assembly
- Completed reload, in  0.734 seconds
Platform modules already initialized, skipping
Refreshing native plugins compatible for Editor in 0.36 ms, found 1 plugins.
Preloading 0 native plugins for Editor in 0.00 ms.
Unloading 1810 Unused Serialized files (Serialized files now loaded: 0)
System memory in use before: 89.0 MB.
System memory in use after: 88.9 MB.

Unloading 12 unused Assets to reduce memory usage. Loaded Objects now: 2481.
Total: 2.546100 ms (FindLiveObjects: 0.515700 ms CreateObjectMapping: 0.049000 ms MarkObjects: 1.863600 ms  DeleteObjects: 0.115900 ms)

========================================================================
Received Import Request.
  Time since last request: 418.614730 seconds.
  path: Assets/Musics/red-dawn-castlevania-the-dracula-x-chronicles.mp3
  artifactKey: Guid(b42244a274fa49a41a71d47c6185c02a) Importer(815301076,1909f56bfc062723c751e8b465ee728b)
Start importing Assets/Musics/red-dawn-castlevania-the-dracula-x-chronicles.mp3 using Guid(b42244a274fa49a41a71d47c6185c02a) Importer(815301076,1909f56bfc062723c751e8b465ee728b)  -> (artifact id: 'cba29031c2aa42d0639860b8d22a6743') in 0.046558 seconds
  Import took 0.050759 seconds .

========================================================================
Received Import Request.
  Time since last request: 0.000211 seconds.
  path: Assets/Musics/vampire-killer-castlevania-the-dracula-x-chronicles.mp3
  artifactKey: Guid(d7346f3f1c4f00f4284e7b473571a66f) Importer(815301076,1909f56bfc062723c751e8b465ee728b)
Start importing Assets/Musics/vampire-killer-castlevania-the-dracula-x-chronicles.mp3 using Guid(d7346f3f1c4f00f4284e7b473571a66f) Importer(815301076,1909f56bfc062723c751e8b465ee728b)  -> (artifact id: 'ad5a03a266028b8558057b80cb1301fe') in 0.013875 seconds
  Import took 0.017534 seconds .

========================================================================
Received Prepare
Registering precompiled user dll's ...
Registered in 0.000855 seconds.
Begin MonoManager ReloadAssembly
Native extension for WindowsStandalone target not found
Refreshing native plugins compatible for Editor in 0.37 ms, found 1 plugins.
Preloading 0 native plugins for Editor in 0.00 ms.
Mono: successfully reloaded assembly
- Completed reload, in  0.734 seconds
Platform modules already initialized, skipping
Refreshing native plugins compatible for Editor in 0.36 ms, found 1 plugins.
Preloading 0 native plugins for Editor in 0.00 ms.
Unloading 1810 Unused Serialized files (Serialized files now loaded: 0)
System memory in use before: 89.0 MB.
System memory in use after: 88.9 MB.

Unloading 12 unused Assets to reduce memory usage. Loaded Objects now: 2486.
Total: 2.863900 ms (FindLiveObjects: 0.353000 ms CreateObjectMapping: 0.061300 ms MarkObjects: 2.342400 ms  DeleteObjects: 0.106000 ms)

========================================================================
Received Prepare
Registering precompiled user dll's ...
Registered in 0.000866 seconds.
Begin MonoManager ReloadAssembly
Native extension for WindowsStandalone target not found
Refreshing native plugins compatible for Editor in 0.37 ms, found 1 plugins.
Preloading 0 native plugins for Editor in 0.00 ms.
Mono: successfully reloaded assembly
- Completed reload, in  0.746 seconds
Platform modules already initialized, skipping
Refreshing native plugins compatible for Editor in 0.36 ms, found 1 plugins.
Preloading 0 native plugins for Editor in 0.00 ms.
Unloading 1810 Unused Serialized files (Serialized files now loaded: 0)
System memory in use before: 89.0 MB.
System memory in use after: 89.0 MB.

Unloading 12 unused Assets to reduce memory usage. Loaded Objects now: 2490.
Total: 2.919100 ms (FindLiveObjects: 0.474000 ms CreateObjectMapping: 0.125300 ms MarkObjects: 2.204900 ms  DeleteObjects: 0.113200 ms)

========================================================================
Received Prepare
Registering precompiled user dll's ...
Registered in 0.002440 seconds.
Begin MonoManager ReloadAssembly
Native extension for WindowsStandalone target not found
Refreshing native plugins compatible for Editor in 0.51 ms, found 1 plugins.
Preloading 0 native plugins for Editor in 0.00 ms.
Mono: successfully reloaded assembly
- Completed reload, in  0.919 seconds
Platform modules already initialized, skipping
Refreshing native plugins compatible for Editor in 0.71 ms, found 1 plugins.
Preloading 0 native plugins for Editor in 0.00 ms.
Unloading 1810 Unused Serialized files (Serialized files now loaded: 0)
System memory in use before: 89.0 MB.
System memory in use after: 89.0 MB.

Unloading 12 unused Assets to reduce memory usage. Loaded Objects now: 2494.
Total: 3.247600 ms (FindLiveObjects: 0.553000 ms CreateObjectMapping: 0.105200 ms MarkObjects: 2.439300 ms  DeleteObjects: 0.147900 ms)

========================================================================
Received Prepare
Registering precompiled user dll's ...
Registered in 0.000863 seconds.
Begin MonoManager ReloadAssembly
Native extension for WindowsStandalone target not found
Refreshing native plugins compatible for Editor in 0.37 ms, found 1 plugins.
Preloading 0 native plugins for Editor in 0.00 ms.
Mono: successfully reloaded assembly
- Completed reload, in  0.736 seconds
Platform modules already initialized, skipping
Refreshing native plugins compatible for Editor in 0.40 ms, found 1 plugins.
Preloading 0 native plugins for Editor in 0.00 ms.
Unloading 1810 Unused Serialized files (Serialized files now loaded: 0)
System memory in use before: 89.0 MB.
System memory in use after: 89.0 MB.

Unloading 12 unused Assets to reduce memory usage. Loaded Objects now: 2498.
Total: 2.148200 ms (FindLiveObjects: 0.294500 ms CreateObjectMapping: 0.059600 ms MarkObjects: 1.669800 ms  DeleteObjects: 0.123400 ms)

========================================================================
Received Import Request.
  Time since last request: 855.534327 seconds.
  path: Assets/Scenes/Arena.unity
  artifactKey: Guid(9e3b00313dc3d4e41ba22a0cbab4ae31) Importer(815301076,1909f56bfc062723c751e8b465ee728b)
Start importing Assets/Scenes/Arena.unity using Guid(9e3b00313dc3d4e41ba22a0cbab4ae31) Importer(815301076,1909f56bfc062723c751e8b465ee728b)  -> (artifact id: '2dde53f06e078cdf390db3d4989cf664') in 0.017323 seconds
  Import took 0.022152 seconds .

========================================================================
Received Import Request.
  Time since last request: 144.878409 seconds.
  path: Assets/Sprites/PngItem_1508370.png
  artifactKey: Guid(32b33ef2462ac6949a636021f584add3) Importer(815301076,1909f56bfc062723c751e8b465ee728b)
Start importing Assets/Sprites/PngItem_1508370.png using Guid(32b33ef2462ac6949a636021f584add3) Importer(815301076,1909f56bfc062723c751e8b465ee728b)  -> (artifact id: '0b1d907486cd87e3b6010c5c333022df') in 0.080580 seconds
  Import took 0.084562 seconds .

========================================================================
Received Import Request.
  Time since last request: 9.228585 seconds.
  path: Assets/Sprites/PngItem_1508370.png
  artifactKey: Guid(32b33ef2462ac6949a636021f584add3) Importer(815301076,1909f56bfc062723c751e8b465ee728b)
Start importing Assets/Sprites/PngItem_1508370.png using Guid(32b33ef2462ac6949a636021f584add3) Importer(815301076,1909f56bfc062723c751e8b465ee728b)  -> (artifact id: 'a2519d61eec48e44e0096cae32636458') in 0.016308 seconds
  Import took 0.019854 seconds .

========================================================================
Received Import Request.
  Time since last request: 9.198860 seconds.
  path: Assets/Sprites/Swords.png
  artifactKey: Guid(32b33ef2462ac6949a636021f584add3) Importer(815301076,1909f56bfc062723c751e8b465ee728b)
Start importing Assets/Sprites/Swords.png using Guid(32b33ef2462ac6949a636021f584add3) Importer(815301076,1909f56bfc062723c751e8b465ee728b)  -> (artifact id: 'ab71d9f7696104e526217ed297739e0b') in 0.017338 seconds
  Import took 0.020546 seconds .

========================================================================
Received Import Request.
  Time since last request: 174.797321 seconds.
  path: Assets/Animations/swords.anim
  artifactKey: Guid(2fe583ae6cc6499488817b1d9c2a08a4) Importer(815301076,1909f56bfc062723c751e8b465ee728b)
Start importing Assets/Animations/swords.anim using Guid(2fe583ae6cc6499488817b1d9c2a08a4) Importer(815301076,1909f56bfc062723c751e8b465ee728b)  -> (artifact id: '01ee214af0094bdf17150b1eb2b8ae50') in 0.009630 seconds
  Import took 0.013266 seconds .

========================================================================
Received Import Request.
  Time since last request: 0.000934 seconds.
  path: Assets/Animations/swords.anim
  artifactKey: Guid(2fe583ae6cc6499488817b1d9c2a08a4) Importer(815301076,1909f56bfc062723c751e8b465ee728b)
Start importing Assets/Animations/swords.anim using Guid(2fe583ae6cc6499488817b1d9c2a08a4) Importer(815301076,1909f56bfc062723c751e8b465ee728b)  -> (artifact id: '01ee214af0094bdf17150b1eb2b8ae50') in 0.003090 seconds
  Import took 0.006122 seconds .

========================================================================
Received Import Request.
  Time since last request: 3.053235 seconds.
  path: Assets/Animations/swords.anim
  artifactKey: Guid(2fe583ae6cc6499488817b1d9c2a08a4) Importer(815301076,1909f56bfc062723c751e8b465ee728b)
Start importing Assets/Animations/swords.anim using Guid(2fe583ae6cc6499488817b1d9c2a08a4) Importer(815301076,1909f56bfc062723c751e8b465ee728b)  -> (artifact id: '938fd2f20e19786f27af1d51fd7ae5ad') in 0.003230 seconds
  Import took 0.006283 seconds .

========================================================================
Received Prepare
Registering precompiled user dll's ...
Registered in 0.000896 seconds.
Begin MonoManager ReloadAssembly
Native extension for WindowsStandalone target not found
Refreshing native plugins compatible for Editor in 0.37 ms, found 1 plugins.
Preloading 0 native plugins for Editor in 0.00 ms.
Mono: successfully reloaded assembly
- Completed reload, in  0.758 seconds
Platform modules already initialized, skipping
Refreshing native plugins compatible for Editor in 0.36 ms, found 1 plugins.
Preloading 0 native plugins for Editor in 0.00 ms.
Unloading 1810 Unused Serialized files (Serialized files now loaded: 0)
System memory in use before: 89.0 MB.
System memory in use after: 89.0 MB.

Unloading 12 unused Assets to reduce memory usage. Loaded Objects now: 2506.
Total: 2.876800 ms (FindLiveObjects: 0.457200 ms CreateObjectMapping: 0.092200 ms MarkObjects: 2.212100 ms  DeleteObjects: 0.113800 ms)

========================================================================
Received Prepare
Registering precompiled user dll's ...
Registered in 0.000898 seconds.
Begin MonoManager ReloadAssembly
Native extension for WindowsStandalone target not found
Refreshing native plugins compatible for Editor in 0.37 ms, found 1 plugins.
Preloading 0 native plugins for Editor in 0.00 ms.
Mono: successfully reloaded assembly
- Completed reload, in  0.747 seconds
Platform modules already initialized, skipping
Refreshing native plugins compatible for Editor in 0.37 ms, found 1 plugins.
Preloading 0 native plugins for Editor in 0.00 ms.
Unloading 1810 Unused Serialized files (Serialized files now loaded: 0)
System memory in use before: 89.0 MB.
System memory in use after: 89.0 MB.

Unloading 12 unused Assets to reduce memory usage. Loaded Objects now: 2510.
Total: 2.693100 ms (FindLiveObjects: 0.563000 ms CreateObjectMapping: 0.121700 ms MarkObjects: 1.878400 ms  DeleteObjects: 0.127200 ms)

========================================================================
Received Prepare
Registering precompiled user dll's ...
Registered in 0.000870 seconds.
Begin MonoManager ReloadAssembly
Native extension for WindowsStandalone target not found
Refreshing native plugins compatible for Editor in 0.37 ms, found 1 plugins.
Preloading 0 native plugins for Editor in 0.00 ms.
Mono: successfully reloaded assembly
- Completed reload, in  0.756 seconds
Platform modules already initialized, skipping
Refreshing native plugins compatible for Editor in 0.38 ms, found 1 plugins.
Preloading 0 native plugins for Editor in 0.00 ms.
Unloading 1810 Unused Serialized files (Serialized files now loaded: 0)
System memory in use before: 89.0 MB.
System memory in use after: 89.0 MB.

Unloading 12 unused Assets to reduce memory usage. Loaded Objects now: 2514.
Total: 2.809800 ms (FindLiveObjects: 0.379200 ms CreateObjectMapping: 0.111800 ms MarkObjects: 2.203300 ms  DeleteObjects: 0.113400 ms)

========================================================================
Received Prepare
Registering precompiled user dll's ...
Registered in 0.000873 seconds.
Begin MonoManager ReloadAssembly
Native extension for WindowsStandalone target not found
Refreshing native plugins compatible for Editor in 0.37 ms, found 1 plugins.
Preloading 0 native plugins for Editor in 0.00 ms.
Mono: successfully reloaded assembly
- Completed reload, in  0.740 seconds
Platform modules already initialized, skipping
Refreshing native plugins compatible for Editor in 0.43 ms, found 1 plugins.
Preloading 0 native plugins for Editor in 0.00 ms.
Unloading 1810 Unused Serialized files (Serialized files now loaded: 0)
System memory in use before: 89.0 MB.
System memory in use after: 89.0 MB.

Unloading 12 unused Assets to reduce memory usage. Loaded Objects now: 2518.
Total: 2.636400 ms (FindLiveObjects: 0.522500 ms CreateObjectMapping: 0.090900 ms MarkObjects: 1.867800 ms  DeleteObjects: 0.153300 ms)

========================================================================
Received Prepare
Registering precompiled user dll's ...
Registered in 0.001020 seconds.
Begin MonoManager ReloadAssembly
Native extension for WindowsStandalone target not found
Refreshing native plugins compatible for Editor in 0.38 ms, found 1 plugins.
Preloading 0 native plugins for Editor in 0.00 ms.
Mono: successfully reloaded assembly
- Completed reload, in  0.743 seconds
Platform modules already initialized, skipping
Refreshing native plugins compatible for Editor in 0.39 ms, found 1 plugins.
Preloading 0 native plugins for Editor in 0.00 ms.
Unloading 1810 Unused Serialized files (Serialized files now loaded: 0)
System memory in use before: 89.0 MB.
System memory in use after: 89.0 MB.

Unloading 12 unused Assets to reduce memory usage. Loaded Objects now: 2522.
Total: 2.639000 ms (FindLiveObjects: 0.400600 ms CreateObjectMapping: 0.084600 ms MarkObjects: 2.036600 ms  DeleteObjects: 0.115600 ms)

========================================================================
Received Prepare
Registering precompiled user dll's ...
Registered in 0.000865 seconds.
Begin MonoManager ReloadAssembly
Native extension for WindowsStandalone target not found
Refreshing native plugins compatible for Editor in 0.37 ms, found 1 plugins.
Preloading 0 native plugins for Editor in 0.00 ms.
Mono: successfully reloaded assembly
- Completed reload, in  0.748 seconds
Platform modules already initialized, skipping
Refreshing native plugins compatible for Editor in 0.37 ms, found 1 plugins.
Preloading 0 native plugins for Editor in 0.00 ms.
Unloading 1810 Unused Serialized files (Serialized files now loaded: 0)
System memory in use before: 89.1 MB.
System memory in use after: 89.0 MB.

Unloading 12 unused Assets to reduce memory usage. Loaded Objects now: 2526.
Total: 2.765900 ms (FindLiveObjects: 0.359300 ms CreateObjectMapping: 0.067300 ms MarkObjects: 2.220400 ms  DeleteObjects: 0.117300 ms)

========================================================================
Received Prepare
Registering precompiled user dll's ...
Registered in 0.000859 seconds.
Begin MonoManager ReloadAssembly
Native extension for WindowsStandalone target not found
Refreshing native plugins compatible for Editor in 0.37 ms, found 1 plugins.
Preloading 0 native plugins for Editor in 0.00 ms.
Mono: successfully reloaded assembly
- Completed reload, in  0.742 seconds
Platform modules already initialized, skipping
Refreshing native plugins compatible for Editor in 0.36 ms, found 1 plugins.
Preloading 0 native plugins for Editor in 0.00 ms.
Unloading 1810 Unused Serialized files (Serialized files now loaded: 0)
System memory in use before: 89.1 MB.
System memory in use after: 89.0 MB.

Unloading 12 unused Assets to reduce memory usage. Loaded Objects now: 2530.
Total: 2.547500 ms (FindLiveObjects: 0.367900 ms CreateObjectMapping: 0.116800 ms MarkObjects: 1.946700 ms  DeleteObjects: 0.114300 ms)

========================================================================
Received Prepare
Registering precompiled user dll's ...
Registered in 0.000885 seconds.
Begin MonoManager ReloadAssembly
Native extension for WindowsStandalone target not found
Refreshing native plugins compatible for Editor in 0.37 ms, found 1 plugins.
Preloading 0 native plugins for Editor in 0.00 ms.
Mono: successfully reloaded assembly
- Completed reload, in  0.746 seconds
Platform modules already initialized, skipping
Refreshing native plugins compatible for Editor in 0.50 ms, found 1 plugins.
Preloading 0 native plugins for Editor in 0.00 ms.
Unloading 1810 Unused Serialized files (Serialized files now loaded: 0)
System memory in use before: 89.1 MB.
System memory in use after: 89.1 MB.

Unloading 12 unused Assets to reduce memory usage. Loaded Objects now: 2534.
Total: 2.267000 ms (FindLiveObjects: 0.298500 ms CreateObjectMapping: 0.047900 ms MarkObjects: 1.808900 ms  DeleteObjects: 0.110700 ms)

========================================================================
Received Prepare
Registering precompiled user dll's ...
Registered in 0.001191 seconds.
Begin MonoManager ReloadAssembly
Native extension for WindowsStandalone target not found
Refreshing native plugins compatible for Editor in 0.36 ms, found 1 plugins.
Preloading 0 native plugins for Editor in 0.00 ms.
Mono: successfully reloaded assembly
- Completed reload, in  0.752 seconds
Platform modules already initialized, skipping
Refreshing native plugins compatible for Editor in 0.36 ms, found 1 plugins.
Preloading 0 native plugins for Editor in 0.00 ms.
Unloading 1810 Unused Serialized files (Serialized files now loaded: 0)
System memory in use before: 89.1 MB.
System memory in use after: 89.1 MB.

Unloading 12 unused Assets to reduce memory usage. Loaded Objects now: 2538.
Total: 2.889300 ms (FindLiveObjects: 0.306500 ms CreateObjectMapping: 0.086400 ms MarkObjects: 2.380100 ms  DeleteObjects: 0.114800 ms)

========================================================================
Received Prepare
Registering precompiled user dll's ...
Registered in 0.000858 seconds.
Begin MonoManager ReloadAssembly
Native extension for WindowsStandalone target not found
Refreshing native plugins compatible for Editor in 0.38 ms, found 1 plugins.
Preloading 0 native plugins for Editor in 0.00 ms.
Mono: successfully reloaded assembly
- Completed reload, in  0.759 seconds
Platform modules already initialized, skipping
Refreshing native plugins compatible for Editor in 0.36 ms, found 1 plugins.
Preloading 0 native plugins for Editor in 0.00 ms.
Unloading 1810 Unused Serialized files (Serialized files now loaded: 0)
System memory in use before: 89.1 MB.
System memory in use after: 89.1 MB.

Unloading 12 unused Assets to reduce memory usage. Loaded Objects now: 2542.
Total: 3.015900 ms (FindLiveObjects: 0.392700 ms CreateObjectMapping: 0.127900 ms MarkObjects: 2.376000 ms  DeleteObjects: 0.117800 ms)

========================================================================
Received Prepare
Registering precompiled user dll's ...
Registered in 0.000876 seconds.
Begin MonoManager ReloadAssembly
Native extension for WindowsStandalone target not found
Refreshing native plugins compatible for Editor in 0.38 ms, found 1 plugins.
Preloading 0 native plugins for Editor in 0.00 ms.
Mono: successfully reloaded assembly
- Completed reload, in  0.745 seconds
Platform modules already initialized, skipping
Refreshing native plugins compatible for Editor in 0.36 ms, found 1 plugins.
Preloading 0 native plugins for Editor in 0.00 ms.
Unloading 1810 Unused Serialized files (Serialized files now loaded: 0)
System memory in use before: 89.1 MB.
System memory in use after: 89.1 MB.

Unloading 12 unused Assets to reduce memory usage. Loaded Objects now: 2546.
Total: 2.550300 ms (FindLiveObjects: 0.305700 ms CreateObjectMapping: 0.050500 ms MarkObjects: 2.076100 ms  DeleteObjects: 0.116600 ms)

========================================================================
Received Prepare
Registering precompiled user dll's ...
Registered in 0.000863 seconds.
Begin MonoManager ReloadAssembly
Native extension for WindowsStandalone target not found
Refreshing native plugins compatible for Editor in 0.39 ms, found 1 plugins.
Preloading 0 native plugins for Editor in 0.00 ms.
Mono: successfully reloaded assembly
- Completed reload, in  0.739 seconds
Platform modules already initialized, skipping
Refreshing native plugins compatible for Editor in 0.36 ms, found 1 plugins.
Preloading 0 native plugins for Editor in 0.00 ms.
Unloading 1810 Unused Serialized files (Serialized files now loaded: 0)
System memory in use before: 89.1 MB.
System memory in use after: 89.1 MB.

Unloading 12 unused Assets to reduce memory usage. Loaded Objects now: 2550.
Total: 2.798100 ms (FindLiveObjects: 0.442000 ms CreateObjectMapping: 0.101300 ms MarkObjects: 2.135500 ms  DeleteObjects: 0.117800 ms)

AssetImportWorkerClient::OnTransportError - code=2 error=End of file
